{"level":"info","message":"::1 - - [12/Feb/2026:06:05:52 +0000] \"GET /api/users HTTP/1.1\" 200 1380 \"-\" \"PostmanRuntime/7.51.1\"","timestamp":"2026-02-12T06:05:52.218Z"}
{"level":"error","message":"user.toObject is not a function","method":"POST","path":"/api/auth/signup","stack":"TypeError: user.toObject is not a function\n    at D:\\node-backend\\controllers\\authController.js:19:42\n    at process.processTicksAndRejections (node:internal/process/task_queues:103:5)","timestamp":"2026-02-12T06:31:15.534Z"}
{"level":"info","message":"::1 - - [12/Feb/2026:06:31:15 +0000] \"POST /api/auth/signup HTTP/1.1\" 500 62 \"-\" \"PostmanRuntime/7.51.1\"","timestamp":"2026-02-12T06:31:15.535Z"}
{"level":"error","message":"User already registered. Please login.","method":"POST","path":"/api/auth/signup","stack":"Error: User already registered. Please login.\n    at exports.signup (D:\\node-backend\\services\\authService.js:57:11)\n    at process.processTicksAndRejections (node:internal/process/task_queues:103:5)\n    at async D:\\node-backend\\controllers\\authController.js:13:16","timestamp":"2026-02-12T06:31:29.371Z"}
{"level":"info","message":"::1 - - [12/Feb/2026:06:31:29 +0000] \"POST /api/auth/signup HTTP/1.1\" 500 69 \"-\" \"PostmanRuntime/7.51.1\"","timestamp":"2026-02-12T06:31:29.374Z"}
{"level":"error","message":"user.toObject is not a function","method":"POST","path":"/api/auth/signup","stack":"TypeError: user.toObject is not a function\n    at D:\\node-backend\\controllers\\authController.js:19:42\n    at process.processTicksAndRejections (node:internal/process/task_queues:103:5)","timestamp":"2026-02-12T06:31:39.312Z"}
{"level":"info","message":"::1 - - [12/Feb/2026:06:31:39 +0000] \"POST /api/auth/signup HTTP/1.1\" 500 62 \"-\" \"PostmanRuntime/7.51.1\"","timestamp":"2026-02-12T06:31:39.313Z"}
{"level":"error","message":"User already registered. Please login.","method":"POST","path":"/api/auth/signup","stack":"Error: User already registered. Please login.\n    at exports.signup (D:\\node-backend\\services\\authService.js:57:11)\n    at process.processTicksAndRejections (node:internal/process/task_queues:103:5)\n    at async D:\\node-backend\\controllers\\authController.js:13:16","timestamp":"2026-02-12T06:37:27.604Z"}
{"level":"info","message":"::1 - - [12/Feb/2026:06:37:27 +0000] \"POST /api/auth/signup HTTP/1.1\" 500 69 \"-\" \"PostmanRuntime/7.51.1\"","timestamp":"2026-02-12T06:37:27.612Z"}
{"level":"info","message":"::1 - - [12/Feb/2026:06:37:49 +0000] \"GET /api/users HTTP/1.1\" 200 1912 \"-\" \"PostmanRuntime/7.51.1\"","timestamp":"2026-02-12T06:37:49.822Z"}
{"level":"info","message":"::1 - - [12/Feb/2026:06:38:15 +0000] \"GET /api/users HTTP/1.1\" 200 1912 \"-\" \"PostmanRuntime/7.51.1\"","timestamp":"2026-02-12T06:38:15.739Z"}
{"level":"info","message":"::1 - - [12/Feb/2026:06:38:53 +0000] \"POST /api/auth/signup HTTP/1.1\" 201 181 \"-\" \"PostmanRuntime/7.51.1\"","timestamp":"2026-02-12T06:38:53.996Z"}
{"level":"info","message":"::1 - - [12/Feb/2026:06:44:58 +0000] \"POST /api/auth/login HTTP/1.1\" 200 588 \"-\" \"PostmanRuntime/7.51.1\"","timestamp":"2026-02-12T06:44:58.255Z"}
{"level":"info","message":"::1 - - [12/Feb/2026:06:50:04 +0000] \"PUT /api/users/698d757d0ccf02572655fb94 HTTP/1.1\" 200 504 \"-\" \"PostmanRuntime/7.51.1\"","timestamp":"2026-02-12T06:50:04.736Z"}
{"level":"error","message":"Invalid Email or password","method":"POST","path":"/api/auth/login","stack":"Error: Invalid Email or password\n    at exports.login (D:\\node-backend\\services\\authService.js:80:11)\n    at process.processTicksAndRejections (node:internal/process/task_queues:103:5)\n    at async D:\\node-backend\\controllers\\authController.js:31:18","timestamp":"2026-02-12T08:43:13.512Z"}
{"level":"info","message":"::1 - - [12/Feb/2026:08:43:13 +0000] \"POST /api/auth/login HTTP/1.1\" 500 56 \"-\" \"PostmanRuntime/7.51.1\"","timestamp":"2026-02-12T08:43:13.524Z"}
{"level":"error","message":"Invalid Email or password","method":"POST","path":"/api/auth/login","stack":"Error: Invalid Email or password\n    at exports.login (D:\\node-backend\\services\\authService.js:80:11)\n    at process.processTicksAndRejections (node:internal/process/task_queues:103:5)\n    at async D:\\node-backend\\controllers\\authController.js:31:18","timestamp":"2026-02-12T08:44:59.427Z"}
{"level":"info","message":"::1 - - [12/Feb/2026:08:44:59 +0000] \"POST /api/auth/login HTTP/1.1\" 500 56 \"-\" \"PostmanRuntime/7.51.1\"","timestamp":"2026-02-12T08:44:59.431Z"}
{"level":"info","message":"::1 - - [12/Feb/2026:09:16:53 +0000] \"POST /api/auth/login HTTP/1.1\" 200 588 \"-\" \"PostmanRuntime/7.51.1\"","timestamp":"2026-02-12T09:16:53.522Z"}
{"level":"info","message":"::1 - - [12/Feb/2026:09:27:36 +0000] \"POST /api/auth/lchange-password HTTP/1.1\" 404 165 \"-\" \"PostmanRuntime/7.51.1\"","timestamp":"2026-02-12T09:27:36.883Z"}
{"level":"error","message":"User not found","method":"POST","path":"/api/auth/change-password","stack":"Error: User not found\n    at D:\\node-backend\\controllers\\authController.js:146:17\n    at process.processTicksAndRejections (node:internal/process/task_queues:103:5)","timestamp":"2026-02-12T09:27:45.816Z"}
{"level":"info","message":"::1 - - [12/Feb/2026:09:27:45 +0000] \"POST /api/auth/change-password HTTP/1.1\" 404 44 \"-\" \"PostmanRuntime/7.51.1\"","timestamp":"2026-02-12T09:27:45.819Z"}
{"level":"error","message":"Invalid Email or password","method":"POST","path":"/api/auth/login","stack":"Error: Invalid Email or password\n    at exports.login (D:\\node-backend\\services\\authService.js:80:11)\n    at process.processTicksAndRejections (node:internal/process/task_queues:103:5)\n    at async D:\\node-backend\\controllers\\authController.js:31:18","timestamp":"2026-02-12T09:32:42.859Z"}
{"level":"info","message":"::1 - - [12/Feb/2026:09:32:42 +0000] \"POST /api/auth/login HTTP/1.1\" 500 56 \"-\" \"PostmanRuntime/7.51.1\"","timestamp":"2026-02-12T09:32:42.862Z"}
{"level":"error","message":"Invalid Email or password","method":"POST","path":"/api/auth/login","stack":"Error: Invalid Email or password\n    at exports.login (D:\\node-backend\\services\\authService.js:80:11)\n    at process.processTicksAndRejections (node:internal/process/task_queues:103:5)\n    at async D:\\node-backend\\controllers\\authController.js:31:18","timestamp":"2026-02-12T09:32:57.314Z"}
{"level":"info","message":"::1 - - [12/Feb/2026:09:32:57 +0000] \"POST /api/auth/login HTTP/1.1\" 500 56 \"-\" \"PostmanRuntime/7.51.1\"","timestamp":"2026-02-12T09:32:57.316Z"}
{"level":"info","message":"::1 - - [12/Feb/2026:09:33:45 +0000] \"GET /api/users HTTP/1.1\" 200 2417 \"-\" \"PostmanRuntime/7.51.1\"","timestamp":"2026-02-12T09:33:45.715Z"}
{"level":"info","message":"::1 - - [12/Feb/2026:09:35:41 +0000] \"GET /api/users HTTP/1.1\" 200 62 \"-\" \"PostmanRuntime/7.51.1\"","timestamp":"2026-02-12T09:35:41.621Z"}
{"level":"info","message":"::1 - - [12/Feb/2026:09:36:12 +0000] \"POST /api/auth/signup HTTP/1.1\" 201 182 \"-\" \"PostmanRuntime/7.51.1\"","timestamp":"2026-02-12T09:36:12.146Z"}
{"level":"info","message":"::1 - - [12/Feb/2026:09:36:30 +0000] \"POST /api/auth/login HTTP/1.1\" 200 589 \"-\" \"PostmanRuntime/7.51.1\"","timestamp":"2026-02-12T09:36:30.768Z"}
{"level":"info","message":"::1 - - [12/Feb/2026:09:51:20 +0000] \"PUT /api/users/698d9f0c1cb014b1fc044977 HTTP/1.1\" 401 66 \"-\" \"PostmanRuntime/7.51.1\"","timestamp":"2026-02-12T09:51:20.116Z"}
